<?xml version="1.0" encoding="UTF-8"?>
<!-- Generated by org.testng.reporters.JUnitXMLReporter -->
<testsuite ignored="0" hostname="DESKTOP-B7HCV0D" failures="0" tests="6" name="Test.xml" time="0.306" errors="0" timestamp="2024-03-27T04:04:28 IST">
  <testcase classname="TestNg.parllel_thread" name="a" time="0.036"/>
  <testcase classname="TestNg.parllel2" name="f" time="0.035"/>
  <testcase classname="TestNg.parllel_thread" name="b" time="0.022"/>
  <testcase classname="TestNg.parllel_thread" name="c" time="0.007"/>
  <testcase classname="TestNg.parllel2" name="i" time="0.013"/>
  <testcase classname="TestNg.parllel_thread" name="d" time="0.011"/>
</testsuite> <!-- Test.xml -->
