<?xml version="1.0" encoding="UTF-8"?>
<!-- Generated by org.testng.reporters.JUnitXMLReporter -->
<testsuite ignored="0" hostname="DESKTOP-B7HCV0D" failures="0" tests="1" name="Test" time="77.505" errors="0" timestamp="2024-05-19T14:56:04 IST">
  <testcase classname="com.utility.Base" name="@AfterMethod failedScreenshot" time="1.692">
    <failure type="java.io.IOException" message="The filename, directory name, or volume label syntax is incorrect">
      <![CDATA[java.io.IOException: The filename, directory name, or volume label syntax is incorrect
at java.base/java.io.WinNTFileSystem.canonicalize0(Native Method)
at java.base/java.io.WinNTFileSystem.canonicalize(WinNTFileSystem.java:462)
at java.base/java.io.File.getCanonicalPath(File.java:626)
at org.apache.commons.io.FileUtils.requireCanonicalPathsNotEquals(FileUtils.java:2706)
at org.apache.commons.io.FileUtils.copyFile(FileUtils.java:805)
at org.apache.commons.io.FileUtils.copyFile(FileUtils.java:838)
at org.apache.commons.io.FileUtils.copyFile(FileUtils.java:746)
at com.utility.Screenshot.getScreenshot(Screenshot.java:23)
at com.utility.Base.failedScreenshot(Base.java:35)
at java.base/java.util.ArrayList.forEach(ArrayList.java:1511)
... Removed 32 stack frames]]>
    </failure>
  </testcase> <!-- @AfterMethod failedScreenshot -->
  <testcase classname="com.test.VerifyLoginPage" name="verifyLoginePage" time="40.748"/>
</testsuite> <!-- Test -->
